Using pre-set license
Built from '6000.0/release' branch; Version is '6000.0.44f1 (101c91f3a8fb) revision 1055889'; Using compiler version '193933523'; Build Type 'Release'
OS: 'Windows 11  (10.0.26100) 64bit Core' Language: 'en' Physical Memory: 32689 MB
BatchMode: 1, IsHumanControllingUs: 0, StartBugReporterOnCrash: 0, Is64bit: 1, IsPro: 1

COMMAND LINE ARGUMENTS:
C:\Program Files\Unity\Hub\Editor\6000.0.44f1\Editor\Unity.exe
-adb2
-batchMode
-noUpm
-name
AssetImportWorker0
-projectPath
C:/Users/jckzh/source/repos/TraverserProject
-logFile
Logs/AssetImportWorker0.log
-srvPort
62898
-job-worker-count
7
-background-job-worker-count
8
-gc-helper-count
1
Successfully changed project path to: C:/Users/jckzh/source/repos/TraverserProject
C:/Users/jckzh/source/repos/TraverserProject
[UnityMemory] Configuration Parameters - Can be set up in boot.config
    "memorysetup-bucket-allocator-granularity=16"
    "memorysetup-bucket-allocator-bucket-count=8"
    "memorysetup-bucket-allocator-block-size=33554432"
    "memorysetup-bucket-allocator-block-count=8"
    "memorysetup-main-allocator-block-size=16777216"
    "memorysetup-thread-allocator-block-size=16777216"
    "memorysetup-gfx-main-allocator-block-size=16777216"
    "memorysetup-gfx-thread-allocator-block-size=16777216"
    "memorysetup-cache-allocator-block-size=4194304"
    "memorysetup-typetree-allocator-block-size=2097152"
    "memorysetup-profiler-bucket-allocator-granularity=16"
    "memorysetup-profiler-bucket-allocator-bucket-count=8"
    "memorysetup-profiler-bucket-allocator-block-size=33554432"
    "memorysetup-profiler-bucket-allocator-block-count=8"
    "memorysetup-profiler-allocator-block-size=16777216"
    "memorysetup-profiler-editor-allocator-block-size=1048576"
    "memorysetup-temp-allocator-size-main=16777216"
    "memorysetup-job-temp-allocator-block-size=2097152"
    "memorysetup-job-temp-allocator-block-size-background=1048576"
    "memorysetup-job-temp-allocator-reduction-small-platforms=262144"
    "memorysetup-allocator-temp-initial-block-size-main=262144"
    "memorysetup-allocator-temp-initial-block-size-worker=262144"
    "memorysetup-temp-allocator-size-background-worker=32768"
    "memorysetup-temp-allocator-size-job-worker=262144"
    "memorysetup-temp-allocator-size-preload-manager=33554432"
    "memorysetup-temp-allocator-size-nav-mesh-worker=65536"
    "memorysetup-temp-allocator-size-audio-worker=65536"
    "memorysetup-temp-allocator-size-cloud-worker=32768"
    "memorysetup-temp-allocator-size-gi-baking-worker=262144"
    "memorysetup-temp-allocator-size-gi-baking-worker=262144"
    "memorysetup-temp-allocator-size-gi-baking-worker=262144"
    "memorysetup-temp-allocator-size-gi-baking-worker=262144"
    "memorysetup-temp-allocator-size-gi-baking-worker=262144"
    "memorysetup-temp-allocator-size-gfx=262144"
Player connection [21968]  Target information:

Player connection [21968]  * "[IP] 192.168.124.1 [Port] 0 [Flags] 2 [Guid] 3970741271 [EditorId] 3970741271 [Version] 1048832 [Id] WindowsEditor(7,PotatoPC) [Debug] 1 [PackageName] WindowsEditor [ProjectName] Editor" 

Player connection [21968]  * "[IP] 192.168.254.1 [Port] 0 [Flags] 2 [Guid] 3970741271 [EditorId] 3970741271 [Version] 1048832 [Id] WindowsEditor(7,PotatoPC) [Debug] 1 [PackageName] WindowsEditor [ProjectName] Editor" 

Player connection [21968]  * "[IP] 192.168.1.3 [Port] 0 [Flags] 2 [Guid] 3970741271 [EditorId] 3970741271 [Version] 1048832 [Id] WindowsEditor(7,PotatoPC) [Debug] 1 [PackageName] WindowsEditor [ProjectName] Editor" 

Player connection [21968]  * "[IP] 192.168.1.4 [Port] 0 [Flags] 2 [Guid] 3970741271 [EditorId] 3970741271 [Version] 1048832 [Id] WindowsEditor(7,PotatoPC) [Debug] 1 [PackageName] WindowsEditor [ProjectName] Editor" 

Player connection [21968]  * "[IP] 192.168.1.2 [Port] 0 [Flags] 2 [Guid] 3970741271 [EditorId] 3970741271 [Version] 1048832 [Id] WindowsEditor(7,PotatoPC) [Debug] 1 [PackageName] WindowsEditor [ProjectName] Editor" 

Player connection [21968] Host joined multi-casting on [225.0.0.222:54997]...
Player connection [21968] Host joined alternative multi-casting on [225.0.0.222:34997]...
JobSystem: Creating JobQueue using job-worker-count value 7
Input System module state changed to: Initialized.
[Physics::Module] Initialized fallback backend.
[Physics::Module] Id: 0xdecafbad
Library Redirect Path: Library/
[Physics::Module] Selected backend.
[Physics::Module] Name: PhysX
[Physics::Module] Id: 0xf2b8ea05
[Physics::Module] SDK Version: 4.1.2
[Physics::Module] Integration Version: 1.0.0
[Physics::Module] Threading Mode: Multi-Threaded
Refreshing native plugins compatible for Editor in 2.40 ms, found 3 plugins.
Preloading 0 native plugins for Editor in 0.00 ms.
Initialize engine version: 6000.0.44f1 (101c91f3a8fb)
[Subsystems] Discovering subsystems at path C:/Program Files/Unity/Hub/Editor/6000.0.44f1/Editor/Data/Resources/UnitySubsystems
[Subsystems] Discovering subsystems at path C:/Users/jckzh/source/repos/TraverserProject/Assets
GfxDevice: creating device client; kGfxThreadingModeNonThreaded
Direct3D:
    Version:  Direct3D 11.0 [level 11.1]
    Renderer: NVIDIA GeForce RTX 2060 (ID=0x1f08)
    Vendor:   NVIDIA
    VRAM:     5955 MB
    Driver:   32.0.15.6636
Initialize mono
Mono path[0] = 'C:/Program Files/Unity/Hub/Editor/6000.0.44f1/Editor/Data/Managed'
Mono path[1] = 'C:/Program Files/Unity/Hub/Editor/6000.0.44f1/Editor/Data/MonoBleedingEdge/lib/mono/unityjit-win32'
Mono config path = 'C:/Program Files/Unity/Hub/Editor/6000.0.44f1/Editor/Data/MonoBleedingEdge/etc'
Using monoOptions --debugger-agent=transport=dt_socket,embedding=1,server=y,suspend=n,address=127.0.0.1:56420
Begin MonoManager ReloadAssembly
Registering precompiled unity dll's ...
Register platform support module: C:/Program Files/Unity/Hub/Editor/6000.0.44f1/Editor/Data/PlaybackEngines/WindowsStandaloneSupport/UnityEditor.WindowsStandalone.Extensions.dll
Registered in 0.003714 seconds.
- Loaded All Assemblies, in  0.497 seconds
Native extension for WindowsStandalone target not found
Mono: successfully reloaded assembly
- Finished resetting the current domain, in  0.425 seconds
Domain Reload Profiling: 918ms
	BeginReloadAssembly (182ms)
		ExecutionOrderSort (0ms)
		DisableScriptedObjects (0ms)
		BackupInstance (0ms)
		ReleaseScriptingObjects (0ms)
		CreateAndSetChildDomain (1ms)
	RebuildCommonClasses (45ms)
	RebuildNativeTypeToScriptingClass (12ms)
	initialDomainReloadingComplete (64ms)
	LoadAllAssembliesAndSetupDomain (190ms)
		LoadAssemblies (178ms)
		RebuildTransferFunctionScriptingTraits (0ms)
		AnalyzeDomain (186ms)
			TypeCache.Refresh (184ms)
				TypeCache.ScanAssembly (168ms)
			BuildScriptInfoCaches (0ms)
			ResolveRequiredComponents (1ms)
	FinalizeReload (425ms)
		ReleaseScriptCaches (0ms)
		RebuildScriptCaches (0ms)
		SetupLoadedEditorAssemblies (368ms)
			LogAssemblyErrors (0ms)
			InitializePlatformSupportModulesInManaged (31ms)
			SetLoadedEditorAssemblies (4ms)
			BeforeProcessingInitializeOnLoad (62ms)
			ProcessInitializeOnLoadAttributes (194ms)
			ProcessInitializeOnLoadMethodAttributes (76ms)
			AfterProcessingInitializeOnLoad (0ms)
			EditorAssembliesLoaded (0ms)
		ExecutionOrderSort2 (0ms)
		AwakeInstancesAfterBackupRestoration (0ms)
========================================================================
Worker process is ready to serve import requests
Import Worker Mode flag is 0x00
Begin MonoManager ReloadAssembly
- Loaded All Assemblies, in  0.976 seconds
Refreshing native plugins compatible for Editor in 1.62 ms, found 3 plugins.
Native extension for WindowsStandalone target not found
Mono: successfully reloaded assembly
- Finished resetting the current domain, in  0.930 seconds
Domain Reload Profiling: 1900ms
	BeginReloadAssembly (201ms)
		ExecutionOrderSort (0ms)
		DisableScriptedObjects (9ms)
		BackupInstance (0ms)
		ReleaseScriptingObjects (0ms)
		CreateAndSetChildDomain (41ms)
	RebuildCommonClasses (43ms)
	RebuildNativeTypeToScriptingClass (11ms)
	initialDomainReloadingComplete (45ms)
	LoadAllAssembliesAndSetupDomain (670ms)
		LoadAssemblies (460ms)
		RebuildTransferFunctionScriptingTraits (0ms)
		AnalyzeDomain (324ms)
			TypeCache.Refresh (240ms)
				TypeCache.ScanAssembly (220ms)
			BuildScriptInfoCaches (66ms)
			ResolveRequiredComponents (13ms)
	FinalizeReload (931ms)
		ReleaseScriptCaches (0ms)
		RebuildScriptCaches (0ms)
		SetupLoadedEditorAssemblies (719ms)
			LogAssemblyErrors (0ms)
			InitializePlatformSupportModulesInManaged (3ms)
			SetLoadedEditorAssemblies (7ms)
			BeforeProcessingInitializeOnLoad (148ms)
			ProcessInitializeOnLoadAttributes (437ms)
			ProcessInitializeOnLoadMethodAttributes (116ms)
			AfterProcessingInitializeOnLoad (7ms)
			EditorAssembliesLoaded (0ms)
		ExecutionOrderSort2 (0ms)
		AwakeInstancesAfterBackupRestoration (8ms)
Launched and connected shader compiler UnityShaderCompiler.exe after 0.02 seconds
Refreshing native plugins compatible for Editor in 1.54 ms, found 3 plugins.
Preloading 0 native plugins for Editor in 0.00 ms.
Unloading 214 Unused Serialized files (Serialized files now loaded: 0)
Unloading 6475 unused Assets / (4.4 MB). Loaded Objects now: 7164.
Memory consumption went from 164.2 MB to 159.8 MB.
Total: 12.360800 ms (FindLiveObjects: 1.116700 ms CreateObjectMapping: 0.801200 ms MarkObjects: 7.412100 ms  DeleteObjects: 3.028700 ms)

========================================================================
Received Import Request.
  Time since last request: 18914.848940 seconds.
  path: Assets/Simple FX Kit/Prefabs/Blood Splash.prefab
  artifactKey: Guid(2f9e7dc163581394da1e00b561eed65d) Importer(815301076,1909f56bfc062723c751e8b465ee728b)
Start importing Assets/Simple FX Kit/Prefabs/Blood Splash.prefab using Guid(2f9e7dc163581394da1e00b561eed65d) Importer(815301076,1909f56bfc062723c751e8b465ee728b) (PreviewImporter) -> (artifact id: '9da4c1a4fc44c5008a898da44e8ceaba') in 0.6836892 seconds
Number of updated asset objects reloaded before import = 0Number of asset objects unloaded after import = 8

========================================================================
Received Import Request.
  Time since last request: 23.670552 seconds.
  path: Assets/Simple FX Kit/Prefabs/Explosion Fire.prefab
  artifactKey: Guid(7800b8f6b712bfe49bd663eeb3ebe1e4) Importer(815301076,1909f56bfc062723c751e8b465ee728b)
Start importing Assets/Simple FX Kit/Prefabs/Explosion Fire.prefab using Guid(7800b8f6b712bfe49bd663eeb3ebe1e4) Importer(815301076,1909f56bfc062723c751e8b465ee728b) (PreviewImporter) -> (artifact id: '9b71c75621a9dfb73a28d092357bc067') in 0.0212609 seconds
Number of updated asset objects reloaded before import = 0Number of asset objects unloaded after import = 16

========================================================================
Received Import Request.
  Time since last request: 6.425384 seconds.
  path: Assets/Simple FX Kit/Prefabs/Water Splash.prefab
  artifactKey: Guid(7377f38a94f13bd43924090d4a77f29e) Importer(815301076,1909f56bfc062723c751e8b465ee728b)
Start importing Assets/Simple FX Kit/Prefabs/Water Splash.prefab using Guid(7377f38a94f13bd43924090d4a77f29e) Importer(815301076,1909f56bfc062723c751e8b465ee728b) (PreviewImporter) -> (artifact id: '62b48fabcf69dc5c5c456f9cf21e36eb') in 0.0248039 seconds
Number of updated asset objects reloaded before import = 0Number of asset objects unloaded after import = 8

========================================================================
Received Import Request.
  Time since last request: 6.820685 seconds.
  path: Assets/Simple FX Kit/Prefabs/Fire.prefab
  artifactKey: Guid(4d7e19c9fcb52be4bb9a8ba855ffe12d) Importer(815301076,1909f56bfc062723c751e8b465ee728b)
Start importing Assets/Simple FX Kit/Prefabs/Fire.prefab using Guid(4d7e19c9fcb52be4bb9a8ba855ffe12d) Importer(815301076,1909f56bfc062723c751e8b465ee728b) (PreviewImporter) -> (artifact id: '5bb3eb32507a3c8990f05493ceb176de') in 0.023151 seconds
Number of updated asset objects reloaded before import = 0Number of asset objects unloaded after import = 8

========================================================================
Received Import Request.
  Time since last request: 5.794951 seconds.
  path: Assets/Simple FX Kit/Prefabs/Smoke.prefab
  artifactKey: Guid(8a334e7c388e77347a1dddd727ef3446) Importer(815301076,1909f56bfc062723c751e8b465ee728b)
Start importing Assets/Simple FX Kit/Prefabs/Smoke.prefab using Guid(8a334e7c388e77347a1dddd727ef3446) Importer(815301076,1909f56bfc062723c751e8b465ee728b) (PreviewImporter) -> (artifact id: '77e32204694728b26fa3cd1a8964d082') in 0.0267187 seconds
Number of updated asset objects reloaded before import = 0Number of asset objects unloaded after import = 8

========================================================================
Received Import Request.
  Time since last request: 0.777370 seconds.
  path: Assets/Simple FX Kit/Prefabs/Spheres Explode.prefab
  artifactKey: Guid(61753401622c2a947a30e2147430e97d) Importer(815301076,1909f56bfc062723c751e8b465ee728b)
Start importing Assets/Simple FX Kit/Prefabs/Spheres Explode.prefab using Guid(61753401622c2a947a30e2147430e97d) Importer(815301076,1909f56bfc062723c751e8b465ee728b) (PreviewImporter) -> (artifact id: '8aa9aa14a5ab202081a9dbcf0ac22b4c') in 0.0938271 seconds
Number of updated asset objects reloaded before import = 0Number of asset objects unloaded after import = 8

========================================================================
Received Import Request.
  Time since last request: 4.779183 seconds.
  path: Assets/Simple FX Kit/Prefabs/Squares Explode.prefab
  artifactKey: Guid(9790383d97594f049aecba8cf470e3b7) Importer(815301076,1909f56bfc062723c751e8b465ee728b)
Start importing Assets/Simple FX Kit/Prefabs/Squares Explode.prefab using Guid(9790383d97594f049aecba8cf470e3b7) Importer(815301076,1909f56bfc062723c751e8b465ee728b) (PreviewImporter) -> (artifact id: '84f47e0bb786d89a55092636f394526e') in 0.0183562 seconds
Number of updated asset objects reloaded before import = 0Number of asset objects unloaded after import = 7

========================================================================
Received Import Request.
  Time since last request: 3.342699 seconds.
  path: Assets/Simple FX Kit/Prefabs/Triangles Explode.prefab
  artifactKey: Guid(924e772d99fea934f8c7dff7c622e78a) Importer(815301076,1909f56bfc062723c751e8b465ee728b)
Start importing Assets/Simple FX Kit/Prefabs/Triangles Explode.prefab using Guid(924e772d99fea934f8c7dff7c622e78a) Importer(815301076,1909f56bfc062723c751e8b465ee728b) (PreviewImporter) -> (artifact id: 'a08cbc7c5b63de41dde2fcd48c62c5de') in 0.0219833 seconds
Number of updated asset objects reloaded before import = 0Number of asset objects unloaded after import = 8

========================================================================
Received Import Request.
  Time since last request: 2.863374 seconds.
  path: Assets/Simple FX Kit/Prefabs/Water Splash Continous.prefab
  artifactKey: Guid(2e187e22a11f364409b0a3f4d03c36a8) Importer(815301076,1909f56bfc062723c751e8b465ee728b)
Start importing Assets/Simple FX Kit/Prefabs/Water Splash Continous.prefab using Guid(2e187e22a11f364409b0a3f4d03c36a8) Importer(815301076,1909f56bfc062723c751e8b465ee728b) (PreviewImporter) -> (artifact id: 'e81c60a959d9cc2b1773d019614313da') in 0.0251636 seconds
Number of updated asset objects reloaded before import = 0Number of asset objects unloaded after import = 8

========================================================================
Received Import Request.
  Time since last request: 309.458247 seconds.
  path: Assets/Scripts/Character/CharacterEffectsManager.cs
  artifactKey: Guid(0d1a9441e1e65dd438ab34a2ef18c430) Importer(815301076,1909f56bfc062723c751e8b465ee728b)
Start importing Assets/Scripts/Character/CharacterEffectsManager.cs using Guid(0d1a9441e1e65dd438ab34a2ef18c430) Importer(815301076,1909f56bfc062723c751e8b465ee728b) (PreviewImporter) -> (artifact id: '7f833d63829e973dfee06643d48c1ba3') in 0.0011035 seconds
Number of updated asset objects reloaded before import = 0Number of asset objects unloaded after import = 0

========================================================================
Received Prepare
Refreshing native plugins compatible for Editor in 2.42 ms, found 3 plugins.
Preloading 0 native plugins for Editor in 0.00 ms.
Unloading 13 Unused Serialized files (Serialized files now loaded: 0)
Unloading 6465 unused Assets / (4.4 MB). Loaded Objects now: 7320.
Memory consumption went from 222.4 MB to 217.9 MB.
Total: 16.114400 ms (FindLiveObjects: 1.287900 ms CreateObjectMapping: 0.982900 ms MarkObjects: 10.245500 ms  DeleteObjects: 3.596100 ms)

Prepare: number of updated asset objects reloaded= 0
========================================================================
Received Prepare
Refreshing native plugins compatible for Editor in 2.04 ms, found 3 plugins.
Preloading 0 native plugins for Editor in 0.00 ms.
Unloading 13 Unused Serialized files (Serialized files now loaded: 0)
Unloading 6465 unused Assets / (4.5 MB). Loaded Objects now: 7320.
Memory consumption went from 222.4 MB to 217.9 MB.
Total: 17.622100 ms (FindLiveObjects: 1.531600 ms CreateObjectMapping: 1.210600 ms MarkObjects: 11.449800 ms  DeleteObjects: 3.427300 ms)

Prepare: number of updated asset objects reloaded= 0
========================================================================
Received Prepare
Begin MonoManager ReloadAssembly
- Loaded All Assemblies, in  1.045 seconds
Refreshing native plugins compatible for Editor in 1.24 ms, found 3 plugins.
Native extension for WindowsStandalone target not found
Mono: successfully reloaded assembly
- Finished resetting the current domain, in  1.034 seconds
Domain Reload Profiling: 2076ms
	BeginReloadAssembly (289ms)
		ExecutionOrderSort (0ms)
		DisableScriptedObjects (23ms)
		BackupInstance (0ms)
		ReleaseScriptingObjects (0ms)
		CreateAndSetChildDomain (81ms)
	RebuildCommonClasses (52ms)
	RebuildNativeTypeToScriptingClass (15ms)
	initialDomainReloadingComplete (40ms)
	LoadAllAssembliesAndSetupDomain (645ms)
		LoadAssemblies (557ms)
		RebuildTransferFunctionScriptingTraits (0ms)
		AnalyzeDomain (220ms)
			TypeCache.Refresh (12ms)
				TypeCache.ScanAssembly (2ms)
			BuildScriptInfoCaches (191ms)
			ResolveRequiredComponents (11ms)
	FinalizeReload (1035ms)
		ReleaseScriptCaches (0ms)
		RebuildScriptCaches (0ms)
		SetupLoadedEditorAssemblies (784ms)
			LogAssemblyErrors (0ms)
			InitializePlatformSupportModulesInManaged (3ms)
			SetLoadedEditorAssemblies (6ms)
			BeforeProcessingInitializeOnLoad (148ms)
			ProcessInitializeOnLoadAttributes (538ms)
			ProcessInitializeOnLoadMethodAttributes (81ms)
			AfterProcessingInitializeOnLoad (6ms)
			EditorAssembliesLoaded (1ms)
		ExecutionOrderSort2 (0ms)
		AwakeInstancesAfterBackupRestoration (16ms)
Refreshing native plugins compatible for Editor in 1.36 ms, found 3 plugins.
Preloading 0 native plugins for Editor in 0.00 ms.
Unloading 23 Unused Serialized files (Serialized files now loaded: 0)
Unloading 6473 unused Assets / (4.3 MB). Loaded Objects now: 7214.
Memory consumption went from 233.6 MB to 229.3 MB.
Total: 11.392800 ms (FindLiveObjects: 1.036000 ms CreateObjectMapping: 1.212100 ms MarkObjects: 6.094900 ms  DeleteObjects: 3.048300 ms)

Prepare: number of updated asset objects reloaded= 0
========================================================================
Received Import Request.
  Time since last request: 228.754920 seconds.
  path: Assets/Scripts/Effects/TakeDamageEffect.cs
  artifactKey: Guid(d821ab465d6df7540b60d13707f3cdde) Importer(815301076,1909f56bfc062723c751e8b465ee728b)
Start importing Assets/Scripts/Effects/TakeDamageEffect.cs using Guid(d821ab465d6df7540b60d13707f3cdde) Importer(815301076,1909f56bfc062723c751e8b465ee728b) (PreviewImporter) -> (artifact id: 'd26d048ab29f4403356234425190ef13') in 0.0246547 seconds
Number of updated asset objects reloaded before import = 0Number of asset objects unloaded after import = 0

========================================================================
Received Import Request.
  Time since last request: 230.130666 seconds.
  path: Assets/Data/PreFabs/FX
  artifactKey: Guid(dd8087387a211bd44b4f0f930a65b9c3) Importer(815301076,1909f56bfc062723c751e8b465ee728b)
Start importing Assets/Data/PreFabs/FX using Guid(dd8087387a211bd44b4f0f930a65b9c3) Importer(815301076,1909f56bfc062723c751e8b465ee728b) (PreviewImporter) -> (artifact id: '7fccf7ff1c0bf146c722d54c53ec7376') in 0.0009229 seconds
Number of updated asset objects reloaded before import = 0Number of asset objects unloaded after import = 0

========================================================================
Received Import Request.
  Time since last request: 5.118598 seconds.
  path: Assets/Data/PreFabs/FX/FX_BloodSpat_Red_01.prefab
  artifactKey: Guid(c90de004b46c5404387de1354ec6a546) Importer(815301076,1909f56bfc062723c751e8b465ee728b)
Start importing Assets/Data/PreFabs/FX/FX_BloodSpat_Red_01.prefab using Guid(c90de004b46c5404387de1354ec6a546) Importer(815301076,1909f56bfc062723c751e8b465ee728b) (PreviewImporter) -> (artifact id: 'b056315f3a60d4ab9c9f7f1c40f271e0') in 0.4916694 seconds
Number of updated asset objects reloaded before import = 0Number of asset objects unloaded after import = 8

========================================================================
Received Prepare
Begin MonoManager ReloadAssembly
- Loaded All Assemblies, in  0.887 seconds
Refreshing native plugins compatible for Editor in 1.37 ms, found 3 plugins.
Native extension for WindowsStandalone target not found
Mono: successfully reloaded assembly
- Finished resetting the current domain, in  0.880 seconds
Domain Reload Profiling: 1765ms
	BeginReloadAssembly (264ms)
		ExecutionOrderSort (0ms)
		DisableScriptedObjects (25ms)
		BackupInstance (0ms)
		ReleaseScriptingObjects (0ms)
		CreateAndSetChildDomain (83ms)
	RebuildCommonClasses (41ms)
	RebuildNativeTypeToScriptingClass (13ms)
	initialDomainReloadingComplete (35ms)
	LoadAllAssembliesAndSetupDomain (532ms)
		LoadAssemblies (407ms)
		RebuildTransferFunctionScriptingTraits (0ms)
		AnalyzeDomain (231ms)
			TypeCache.Refresh (8ms)
				TypeCache.ScanAssembly (0ms)
			BuildScriptInfoCaches (205ms)
			ResolveRequiredComponents (14ms)
	FinalizeReload (881ms)
		ReleaseScriptCaches (0ms)
		RebuildScriptCaches (0ms)
		SetupLoadedEditorAssemblies (650ms)
			LogAssemblyErrors (0ms)
			InitializePlatformSupportModulesInManaged (3ms)
			SetLoadedEditorAssemblies (4ms)
			BeforeProcessingInitializeOnLoad (134ms)
			ProcessInitializeOnLoadAttributes (414ms)
			ProcessInitializeOnLoadMethodAttributes (86ms)
			AfterProcessingInitializeOnLoad (9ms)
			EditorAssembliesLoaded (1ms)
		ExecutionOrderSort2 (0ms)
		AwakeInstancesAfterBackupRestoration (20ms)
Refreshing native plugins compatible for Editor in 1.55 ms, found 3 plugins.
Preloading 0 native plugins for Editor in 0.00 ms.
Unloading 13 Unused Serialized files (Serialized files now loaded: 0)
Unloading 6473 unused Assets / (4.5 MB). Loaded Objects now: 7236.
Memory consumption went from 236.1 MB to 231.6 MB.
Total: 11.500300 ms (FindLiveObjects: 0.978900 ms CreateObjectMapping: 0.907600 ms MarkObjects: 6.654800 ms  DeleteObjects: 2.957900 ms)

Prepare: number of updated asset objects reloaded= 0
========================================================================
Received Prepare
Refreshing native plugins compatible for Editor in 2.71 ms, found 3 plugins.
Preloading 0 native plugins for Editor in 0.00 ms.
Unloading 13 Unused Serialized files (Serialized files now loaded: 0)
Unloading 6465 unused Assets / (4.3 MB). Loaded Objects now: 7236.
Memory consumption went from 236.1 MB to 231.8 MB.
Total: 15.629500 ms (FindLiveObjects: 2.154900 ms CreateObjectMapping: 1.915800 ms MarkObjects: 7.447200 ms  DeleteObjects: 4.109100 ms)

Prepare: number of updated asset objects reloaded= 0
========================================================================
Received Prepare
Refreshing native plugins compatible for Editor in 1.33 ms, found 3 plugins.
Preloading 0 native plugins for Editor in 0.00 ms.
Unloading 13 Unused Serialized files (Serialized files now loaded: 0)
Unloading 6466 unused Assets / (4.6 MB). Loaded Objects now: 7237.
Memory consumption went from 236.1 MB to 231.5 MB.
Total: 9.452700 ms (FindLiveObjects: 0.743400 ms CreateObjectMapping: 0.526400 ms MarkObjects: 4.828300 ms  DeleteObjects: 3.353500 ms)

Prepare: number of updated asset objects reloaded= 0
========================================================================
Received Prepare
Refreshing native plugins compatible for Editor in 1.66 ms, found 3 plugins.
Preloading 0 native plugins for Editor in 0.00 ms.
Unloading 13 Unused Serialized files (Serialized files now loaded: 0)
Unloading 6466 unused Assets / (4.3 MB). Loaded Objects now: 7237.
Memory consumption went from 236.1 MB to 231.8 MB.
Total: 10.815900 ms (FindLiveObjects: 1.202600 ms CreateObjectMapping: 0.977900 ms MarkObjects: 5.395800 ms  DeleteObjects: 3.238100 ms)

Prepare: number of updated asset objects reloaded= 0
========================================================================
Received Prepare
Begin MonoManager ReloadAssembly
- Loaded All Assemblies, in  0.816 seconds
Refreshing native plugins compatible for Editor in 1.71 ms, found 3 plugins.
Native extension for WindowsStandalone target not found
Mono: successfully reloaded assembly
- Finished resetting the current domain, in  0.807 seconds
Domain Reload Profiling: 1621ms
	BeginReloadAssembly (222ms)
		ExecutionOrderSort (0ms)
		DisableScriptedObjects (6ms)
		BackupInstance (0ms)
		ReleaseScriptingObjects (0ms)
		CreateAndSetChildDomain (59ms)
	RebuildCommonClasses (43ms)
	RebuildNativeTypeToScriptingClass (11ms)
	initialDomainReloadingComplete (35ms)
	LoadAllAssembliesAndSetupDomain (503ms)
		LoadAssemblies (404ms)
		RebuildTransferFunctionScriptingTraits (0ms)
		AnalyzeDomain (206ms)
			TypeCache.Refresh (9ms)
				TypeCache.ScanAssembly (1ms)
			BuildScriptInfoCaches (181ms)
			ResolveRequiredComponents (11ms)
	FinalizeReload (808ms)
		ReleaseScriptCaches (0ms)
		RebuildScriptCaches (0ms)
		SetupLoadedEditorAssemblies (622ms)
			LogAssemblyErrors (0ms)
			InitializePlatformSupportModulesInManaged (3ms)
			SetLoadedEditorAssemblies (6ms)
			BeforeProcessingInitializeOnLoad (145ms)
			ProcessInitializeOnLoadAttributes (387ms)
			ProcessInitializeOnLoadMethodAttributes (74ms)
			AfterProcessingInitializeOnLoad (8ms)
			EditorAssembliesLoaded (0ms)
		ExecutionOrderSort2 (0ms)
		AwakeInstancesAfterBackupRestoration (13ms)
Refreshing native plugins compatible for Editor in 1.82 ms, found 3 plugins.
Preloading 0 native plugins for Editor in 0.00 ms.
Unloading 13 Unused Serialized files (Serialized files now loaded: 0)
Unloading 6474 unused Assets / (4.6 MB). Loaded Objects now: 7239.
Memory consumption went from 235.9 MB to 231.4 MB.
Total: 10.673100 ms (FindLiveObjects: 1.201500 ms CreateObjectMapping: 0.542300 ms MarkObjects: 6.112200 ms  DeleteObjects: 2.816300 ms)

Prepare: number of updated asset objects reloaded= 0
========================================================================
Received Prepare
Refreshing native plugins compatible for Editor in 1.62 ms, found 3 plugins.
Preloading 0 native plugins for Editor in 0.00 ms.
Unloading 13 Unused Serialized files (Serialized files now loaded: 0)
Unloading 6466 unused Assets / (4.0 MB). Loaded Objects now: 7239.
Memory consumption went from 236.1 MB to 232.1 MB.
Total: 11.489500 ms (FindLiveObjects: 1.252500 ms CreateObjectMapping: 0.894700 ms MarkObjects: 6.662900 ms  DeleteObjects: 2.678300 ms)

Prepare: number of updated asset objects reloaded= 0
========================================================================
Received Prepare
Begin MonoManager ReloadAssembly
- Loaded All Assemblies, in  0.814 seconds
Refreshing native plugins compatible for Editor in 1.76 ms, found 3 plugins.
Native extension for WindowsStandalone target not found
Mono: successfully reloaded assembly
- Finished resetting the current domain, in  0.804 seconds
Domain Reload Profiling: 1617ms
	BeginReloadAssembly (228ms)
		ExecutionOrderSort (0ms)
		DisableScriptedObjects (7ms)
		BackupInstance (0ms)
		ReleaseScriptingObjects (0ms)
		CreateAndSetChildDomain (58ms)
	RebuildCommonClasses (42ms)
	RebuildNativeTypeToScriptingClass (11ms)
	initialDomainReloadingComplete (33ms)
	LoadAllAssembliesAndSetupDomain (499ms)
		LoadAssemblies (401ms)
		RebuildTransferFunctionScriptingTraits (0ms)
		AnalyzeDomain (209ms)
			TypeCache.Refresh (12ms)
				TypeCache.ScanAssembly (1ms)
			BuildScriptInfoCaches (177ms)
			ResolveRequiredComponents (16ms)
	FinalizeReload (805ms)
		ReleaseScriptCaches (0ms)
		RebuildScriptCaches (0ms)
		SetupLoadedEditorAssemblies (602ms)
			LogAssemblyErrors (0ms)
			InitializePlatformSupportModulesInManaged (2ms)
			SetLoadedEditorAssemblies (5ms)
			BeforeProcessingInitializeOnLoad (143ms)
			ProcessInitializeOnLoadAttributes (367ms)
			ProcessInitializeOnLoadMethodAttributes (77ms)
			AfterProcessingInitializeOnLoad (8ms)
			EditorAssembliesLoaded (0ms)
		ExecutionOrderSort2 (0ms)
		AwakeInstancesAfterBackupRestoration (15ms)
Refreshing native plugins compatible for Editor in 1.62 ms, found 3 plugins.
Preloading 0 native plugins for Editor in 0.00 ms.
Unloading 13 Unused Serialized files (Serialized files now loaded: 0)
Unloading 6474 unused Assets / (4.0 MB). Loaded Objects now: 7241.
Memory consumption went from 235.9 MB to 231.9 MB.
Total: 10.713400 ms (FindLiveObjects: 1.037000 ms CreateObjectMapping: 0.998100 ms MarkObjects: 5.914100 ms  DeleteObjects: 2.763000 ms)

Prepare: number of updated asset objects reloaded= 0
========================================================================
Received Prepare
Refreshing native plugins compatible for Editor in 1.45 ms, found 3 plugins.
Preloading 0 native plugins for Editor in 0.00 ms.
Unloading 13 Unused Serialized files (Serialized files now loaded: 0)
Unloading 6467 unused Assets / (4.2 MB). Loaded Objects now: 7242.
Memory consumption went from 236.1 MB to 232.0 MB.
Total: 10.164700 ms (FindLiveObjects: 0.826600 ms CreateObjectMapping: 0.462700 ms MarkObjects: 5.321200 ms  DeleteObjects: 3.552700 ms)

Prepare: number of updated asset objects reloaded= 0
========================================================================
Received Prepare
Refreshing native plugins compatible for Editor in 1.34 ms, found 3 plugins.
Preloading 0 native plugins for Editor in 0.00 ms.
Unloading 13 Unused Serialized files (Serialized files now loaded: 0)
Unloading 6467 unused Assets / (4.1 MB). Loaded Objects now: 7242.
Memory consumption went from 236.1 MB to 232.0 MB.
Total: 10.342500 ms (FindLiveObjects: 0.883500 ms CreateObjectMapping: 0.589700 ms MarkObjects: 5.734300 ms  DeleteObjects: 3.133900 ms)

Prepare: number of updated asset objects reloaded= 0
========================================================================
Received Prepare
Refreshing native plugins compatible for Editor in 1.86 ms, found 3 plugins.
Preloading 0 native plugins for Editor in 0.00 ms.
Unloading 13 Unused Serialized files (Serialized files now loaded: 0)
Unloading 6467 unused Assets / (4.1 MB). Loaded Objects now: 7242.
Memory consumption went from 236.1 MB to 232.0 MB.
Total: 9.826900 ms (FindLiveObjects: 1.234100 ms CreateObjectMapping: 0.702800 ms MarkObjects: 4.681400 ms  DeleteObjects: 3.207000 ms)

Prepare: number of updated asset objects reloaded= 0
========================================================================
Received Prepare
Refreshing native plugins compatible for Editor in 1.30 ms, found 3 plugins.
Preloading 0 native plugins for Editor in 0.00 ms.
Unloading 13 Unused Serialized files (Serialized files now loaded: 0)
Unloading 6467 unused Assets / (4.7 MB). Loaded Objects now: 7242.
Memory consumption went from 236.1 MB to 231.4 MB.
Total: 11.243100 ms (FindLiveObjects: 0.730700 ms CreateObjectMapping: 0.379800 ms MarkObjects: 7.247600 ms  DeleteObjects: 2.883400 ms)

Prepare: number of updated asset objects reloaded= 0
========================================================================
Received Prepare
Refreshing native plugins compatible for Editor in 1.95 ms, found 3 plugins.
Preloading 0 native plugins for Editor in 0.00 ms.
Unloading 13 Unused Serialized files (Serialized files now loaded: 0)
Unloading 6467 unused Assets / (4.1 MB). Loaded Objects now: 7242.
Memory consumption went from 236.1 MB to 232.0 MB.
Total: 10.034400 ms (FindLiveObjects: 1.136300 ms CreateObjectMapping: 0.628700 ms MarkObjects: 5.314000 ms  DeleteObjects: 2.954500 ms)

Prepare: number of updated asset objects reloaded= 0
========================================================================
Received Prepare
Begin MonoManager ReloadAssembly
- Loaded All Assemblies, in  0.804 seconds
Refreshing native plugins compatible for Editor in 1.61 ms, found 3 plugins.
Native extension for WindowsStandalone target not found
Mono: successfully reloaded assembly
- Finished resetting the current domain, in  0.751 seconds
Domain Reload Profiling: 1551ms
	BeginReloadAssembly (217ms)
		ExecutionOrderSort (0ms)
		DisableScriptedObjects (8ms)
		BackupInstance (0ms)
		ReleaseScriptingObjects (0ms)
		CreateAndSetChildDomain (56ms)
	RebuildCommonClasses (38ms)
	RebuildNativeTypeToScriptingClass (14ms)
	initialDomainReloadingComplete (31ms)
	LoadAllAssembliesAndSetupDomain (499ms)
		LoadAssemblies (407ms)
		RebuildTransferFunctionScriptingTraits (0ms)
		AnalyzeDomain (195ms)
			TypeCache.Refresh (12ms)
				TypeCache.ScanAssembly (1ms)
			BuildScriptInfoCaches (166ms)
			ResolveRequiredComponents (13ms)
	FinalizeReload (751ms)
		ReleaseScriptCaches (0ms)
		RebuildScriptCaches (0ms)
		SetupLoadedEditorAssemblies (554ms)
			LogAssemblyErrors (0ms)
			InitializePlatformSupportModulesInManaged (2ms)
			SetLoadedEditorAssemblies (4ms)
			BeforeProcessingInitializeOnLoad (139ms)
			ProcessInitializeOnLoadAttributes (335ms)
			ProcessInitializeOnLoadMethodAttributes (68ms)
			AfterProcessingInitializeOnLoad (6ms)
			EditorAssembliesLoaded (0ms)
		ExecutionOrderSort2 (0ms)
		AwakeInstancesAfterBackupRestoration (14ms)
Refreshing native plugins compatible for Editor in 1.29 ms, found 3 plugins.
Preloading 0 native plugins for Editor in 0.00 ms.
Unloading 13 Unused Serialized files (Serialized files now loaded: 0)
Unloading 6475 unused Assets / (4.1 MB). Loaded Objects now: 7244.
Memory consumption went from 235.9 MB to 231.8 MB.
Total: 8.342300 ms (FindLiveObjects: 0.753400 ms CreateObjectMapping: 0.369700 ms MarkObjects: 4.731900 ms  DeleteObjects: 2.486300 ms)

Prepare: number of updated asset objects reloaded= 0
========================================================================
Received Import Request.
  Time since last request: 981.642100 seconds.
  path: Assets/Data/PreFabs/WorldManagers/WorldNetworkManager.prefab
  artifactKey: Guid(56279e3bed14bc146a3bd44d292c876f) Importer(815301076,1909f56bfc062723c751e8b465ee728b)
Start importing Assets/Data/PreFabs/WorldManagers/WorldNetworkManager.prefab using Guid(56279e3bed14bc146a3bd44d292c876f) Importer(815301076,1909f56bfc062723c751e8b465ee728b) (PreviewImporter) -> (artifact id: 'c1aa768b53d0c1070c99860ae30d7f36') in 0.1498823 seconds
Number of updated asset objects reloaded before import = 0Number of asset objects unloaded after import = 201

========================================================================
Received Import Request.
  Time since last request: 32.830958 seconds.
  path: Assets/Scripts/Character/CharacterCombatManager.cs
  artifactKey: Guid(d57d875cf21cc6b45b4bb089deb11b1b) Importer(815301076,1909f56bfc062723c751e8b465ee728b)
Start importing Assets/Scripts/Character/CharacterCombatManager.cs using Guid(d57d875cf21cc6b45b4bb089deb11b1b) Importer(815301076,1909f56bfc062723c751e8b465ee728b) (PreviewImporter) -> (artifact id: 'ae8e4cc4ed57d1b813d7327b7a3bdebf') in 0.0007564 seconds
Number of updated asset objects reloaded before import = 0Number of asset objects unloaded after import = 0

========================================================================
Received Prepare
Refreshing native plugins compatible for Editor in 1.31 ms, found 3 plugins.
Preloading 0 native plugins for Editor in 0.00 ms.
Unloading 13 Unused Serialized files (Serialized files now loaded: 0)
Unloading 6468 unused Assets / (4.7 MB). Loaded Objects now: 7245.
Memory consumption went from 236.4 MB to 231.7 MB.
Total: 12.503900 ms (FindLiveObjects: 0.727100 ms CreateObjectMapping: 0.401700 ms MarkObjects: 7.706700 ms  DeleteObjects: 3.667400 ms)

Prepare: number of updated asset objects reloaded= 0
========================================================================
Received Prepare
Begin MonoManager ReloadAssembly
- Loaded All Assemblies, in  0.782 seconds
Refreshing native plugins compatible for Editor in 2.09 ms, found 3 plugins.
Native extension for WindowsStandalone target not found
Mono: successfully reloaded assembly
- Finished resetting the current domain, in  0.744 seconds
Domain Reload Profiling: 1525ms
	BeginReloadAssembly (209ms)
		ExecutionOrderSort (0ms)
		DisableScriptedObjects (7ms)
		BackupInstance (0ms)
		ReleaseScriptingObjects (0ms)
		CreateAndSetChildDomain (56ms)
	RebuildCommonClasses (34ms)
	RebuildNativeTypeToScriptingClass (11ms)
	initialDomainReloadingComplete (33ms)
	LoadAllAssembliesAndSetupDomain (493ms)
		LoadAssemblies (376ms)
		RebuildTransferFunctionScriptingTraits (0ms)
		AnalyzeDomain (211ms)
			TypeCache.Refresh (10ms)
				TypeCache.ScanAssembly (1ms)
			BuildScriptInfoCaches (184ms)
			ResolveRequiredComponents (13ms)
	FinalizeReload (744ms)
		ReleaseScriptCaches (0ms)
		RebuildScriptCaches (0ms)
		SetupLoadedEditorAssemblies (534ms)
			LogAssemblyErrors (0ms)
			InitializePlatformSupportModulesInManaged (3ms)
			SetLoadedEditorAssemblies (6ms)
			BeforeProcessingInitializeOnLoad (113ms)
			ProcessInitializeOnLoadAttributes (340ms)
			ProcessInitializeOnLoadMethodAttributes (66ms)
			AfterProcessingInitializeOnLoad (6ms)
			EditorAssembliesLoaded (0ms)
		ExecutionOrderSort2 (0ms)
		AwakeInstancesAfterBackupRestoration (14ms)
Refreshing native plugins compatible for Editor in 1.39 ms, found 3 plugins.
Preloading 0 native plugins for Editor in 0.00 ms.
Unloading 13 Unused Serialized files (Serialized files now loaded: 0)
Unloading 6476 unused Assets / (4.2 MB). Loaded Objects now: 7247.
Memory consumption went from 236.0 MB to 231.8 MB.
Total: 10.068800 ms (FindLiveObjects: 0.946100 ms CreateObjectMapping: 1.159500 ms MarkObjects: 5.233600 ms  DeleteObjects: 2.728400 ms)

Prepare: number of updated asset objects reloaded= 0
========================================================================
Received Prepare
Refreshing native plugins compatible for Editor in 1.55 ms, found 3 plugins.
Preloading 0 native plugins for Editor in 0.00 ms.
Unloading 13 Unused Serialized files (Serialized files now loaded: 0)
Unloading 6467 unused Assets / (4.6 MB). Loaded Objects now: 7246.
Memory consumption went from 236.2 MB to 231.6 MB.
Total: 10.223000 ms (FindLiveObjects: 0.915000 ms CreateObjectMapping: 0.660900 ms MarkObjects: 5.127500 ms  DeleteObjects: 3.518300 ms)

Prepare: number of updated asset objects reloaded= 0
========================================================================
Received Prepare
Begin MonoManager ReloadAssembly
- Loaded All Assemblies, in  0.728 seconds
Refreshing native plugins compatible for Editor in 1.84 ms, found 3 plugins.
Native extension for WindowsStandalone target not found
Mono: successfully reloaded assembly
- Finished resetting the current domain, in  0.713 seconds
Domain Reload Profiling: 1440ms
	BeginReloadAssembly (197ms)
		ExecutionOrderSort (0ms)
		DisableScriptedObjects (7ms)
		BackupInstance (0ms)
		ReleaseScriptingObjects (0ms)
		CreateAndSetChildDomain (52ms)
	RebuildCommonClasses (32ms)
	RebuildNativeTypeToScriptingClass (10ms)
	initialDomainReloadingComplete (30ms)
	LoadAllAssembliesAndSetupDomain (457ms)
		LoadAssemblies (366ms)
		RebuildTransferFunctionScriptingTraits (0ms)
		AnalyzeDomain (180ms)
			TypeCache.Refresh (10ms)
				TypeCache.ScanAssembly (1ms)
			BuildScriptInfoCaches (156ms)
			ResolveRequiredComponents (11ms)
	FinalizeReload (714ms)
		ReleaseScriptCaches (0ms)
		RebuildScriptCaches (0ms)
		SetupLoadedEditorAssemblies (510ms)
			LogAssemblyErrors (0ms)
			InitializePlatformSupportModulesInManaged (3ms)
			SetLoadedEditorAssemblies (4ms)
			BeforeProcessingInitializeOnLoad (115ms)
			ProcessInitializeOnLoadAttributes (321ms)
			ProcessInitializeOnLoadMethodAttributes (62ms)
			AfterProcessingInitializeOnLoad (5ms)
			EditorAssembliesLoaded (0ms)
		ExecutionOrderSort2 (0ms)
		AwakeInstancesAfterBackupRestoration (12ms)
Refreshing native plugins compatible for Editor in 1.34 ms, found 3 plugins.
Preloading 0 native plugins for Editor in 0.00 ms.
Unloading 13 Unused Serialized files (Serialized files now loaded: 0)
Unloading 6475 unused Assets / (4.1 MB). Loaded Objects now: 7248.
Memory consumption went from 236.0 MB to 231.9 MB.
Total: 8.070200 ms (FindLiveObjects: 0.821900 ms CreateObjectMapping: 0.509900 ms MarkObjects: 4.457600 ms  DeleteObjects: 2.280100 ms)

Prepare: number of updated asset objects reloaded= 0
========================================================================
Received Import Request.
  Time since last request: 28.909229 seconds.
  path: Assets/Scripts/Character/CharacterSoundFXManager.cs
  artifactKey: Guid(f4b5e5f2ba94eac468861ffedcef0a2f) Importer(815301076,1909f56bfc062723c751e8b465ee728b)
Start importing Assets/Scripts/Character/CharacterSoundFXManager.cs using Guid(f4b5e5f2ba94eac468861ffedcef0a2f) Importer(815301076,1909f56bfc062723c751e8b465ee728b) (PreviewImporter) -> (artifact id: '3bd32748b2f7c91f775654e322dd9c66') in 0.0239043 seconds
Number of updated asset objects reloaded before import = 0Number of asset objects unloaded after import = 0

========================================================================
Received Prepare
Refreshing native plugins compatible for Editor in 1.72 ms, found 3 plugins.
Preloading 0 native plugins for Editor in 0.00 ms.
Unloading 13 Unused Serialized files (Serialized files now loaded: 0)
Unloading 6467 unused Assets / (4.3 MB). Loaded Objects now: 7248.
Memory consumption went from 236.2 MB to 231.9 MB.
Total: 36.301000 ms (FindLiveObjects: 1.999600 ms CreateObjectMapping: 2.195400 ms MarkObjects: 27.549600 ms  DeleteObjects: 4.554800 ms)

Prepare: number of updated asset objects reloaded= 0
========================================================================
Received Prepare
Begin MonoManager ReloadAssembly
- Loaded All Assemblies, in  0.857 seconds
Refreshing native plugins compatible for Editor in 1.22 ms, found 3 plugins.
Native extension for WindowsStandalone target not found
Mono: successfully reloaded assembly
- Finished resetting the current domain, in  0.886 seconds
Domain Reload Profiling: 1742ms
	BeginReloadAssembly (237ms)
		ExecutionOrderSort (0ms)
		DisableScriptedObjects (7ms)
		BackupInstance (0ms)
		ReleaseScriptingObjects (0ms)
		CreateAndSetChildDomain (69ms)
	RebuildCommonClasses (37ms)
	RebuildNativeTypeToScriptingClass (13ms)
	initialDomainReloadingComplete (32ms)
	LoadAllAssembliesAndSetupDomain (536ms)
		LoadAssemblies (436ms)
		RebuildTransferFunctionScriptingTraits (0ms)
		AnalyzeDomain (209ms)
			TypeCache.Refresh (11ms)
				TypeCache.ScanAssembly (2ms)
			BuildScriptInfoCaches (180ms)
			ResolveRequiredComponents (11ms)
	FinalizeReload (887ms)
		ReleaseScriptCaches (0ms)
		RebuildScriptCaches (0ms)
		SetupLoadedEditorAssemblies (665ms)
			LogAssemblyErrors (0ms)
			InitializePlatformSupportModulesInManaged (3ms)
			SetLoadedEditorAssemblies (5ms)
			BeforeProcessingInitializeOnLoad (149ms)
			ProcessInitializeOnLoadAttributes (418ms)
			ProcessInitializeOnLoadMethodAttributes (83ms)
			AfterProcessingInitializeOnLoad (7ms)
			EditorAssembliesLoaded (0ms)
		ExecutionOrderSort2 (0ms)
		AwakeInstancesAfterBackupRestoration (15ms)
Refreshing native plugins compatible for Editor in 1.40 ms, found 3 plugins.
Preloading 0 native plugins for Editor in 0.00 ms.
Unloading 13 Unused Serialized files (Serialized files now loaded: 0)
Unloading 6475 unused Assets / (3.9 MB). Loaded Objects now: 7250.
Memory consumption went from 236.0 MB to 232.1 MB.
Total: 10.598700 ms (FindLiveObjects: 1.053900 ms CreateObjectMapping: 0.778700 ms MarkObjects: 6.168500 ms  DeleteObjects: 2.596600 ms)

Prepare: number of updated asset objects reloaded= 0
========================================================================
Received Prepare
Refreshing native plugins compatible for Editor in 2.06 ms, found 3 plugins.
Preloading 0 native plugins for Editor in 0.00 ms.
Unloading 13 Unused Serialized files (Serialized files now loaded: 0)
Unloading 6467 unused Assets / (4.6 MB). Loaded Objects now: 7250.
Memory consumption went from 236.2 MB to 231.6 MB.
Total: 10.795900 ms (FindLiveObjects: 0.808100 ms CreateObjectMapping: 0.845500 ms MarkObjects: 5.096600 ms  DeleteObjects: 4.044300 ms)

Prepare: number of updated asset objects reloaded= 0
========================================================================
Received Prepare
Refreshing native plugins compatible for Editor in 1.82 ms, found 3 plugins.
Preloading 0 native plugins for Editor in 0.00 ms.
Unloading 13 Unused Serialized files (Serialized files now loaded: 0)
Unloading 6467 unused Assets / (4.5 MB). Loaded Objects now: 7250.
Memory consumption went from 236.2 MB to 231.7 MB.
Total: 11.197300 ms (FindLiveObjects: 1.248200 ms CreateObjectMapping: 0.862100 ms MarkObjects: 5.669400 ms  DeleteObjects: 3.416300 ms)

Prepare: number of updated asset objects reloaded= 0
========================================================================
Received Import Request.
  Time since last request: 273.075566 seconds.
  path: Assets/Art/AssetSore
  artifactKey: Guid(6cbe4edc80500e342b8879699ae0b90b) Importer(815301076,1909f56bfc062723c751e8b465ee728b)
Start importing Assets/Art/AssetSore using Guid(6cbe4edc80500e342b8879699ae0b90b) Importer(815301076,1909f56bfc062723c751e8b465ee728b) (PreviewImporter) -> (artifact id: '0e12045fc168f03805911d67c70c34ba') in 0.0241153 seconds
Number of updated asset objects reloaded before import = 0Number of asset objects unloaded after import = 0

========================================================================
Received Import Request.
  Time since last request: 4.415924 seconds.
  path: Assets/Art/AssetStore
  artifactKey: Guid(6cbe4edc80500e342b8879699ae0b90b) Importer(815301076,1909f56bfc062723c751e8b465ee728b)
Start importing Assets/Art/AssetStore using Guid(6cbe4edc80500e342b8879699ae0b90b) Importer(815301076,1909f56bfc062723c751e8b465ee728b) (PreviewImporter) -> (artifact id: '4cff0cfff8f3ab7019aadb56b157d33a') in 0.0006199 seconds
Number of updated asset objects reloaded before import = 0Number of asset objects unloaded after import = 0

========================================================================
Received Import Request.
  Time since last request: 31.163091 seconds.
  path: Assets/AssetStore/Deadly Kombat Free version
  artifactKey: Guid(1b516531f2a748744b4ef39240dc3b33) Importer(815301076,1909f56bfc062723c751e8b465ee728b)
Start importing Assets/AssetStore/Deadly Kombat Free version using Guid(1b516531f2a748744b4ef39240dc3b33) Importer(815301076,1909f56bfc062723c751e8b465ee728b) (PreviewImporter) -> (artifact id: '86e4f927feed189dac6b948db66da297') in 0.0007676 seconds
Number of updated asset objects reloaded before import = 0Number of asset objects unloaded after import = 0

========================================================================
Received Import Request.
  Time since last request: 1.087235 seconds.
  path: Assets/AssetStore/Deadly Kombat Free version/blade_hit_07.wav
  artifactKey: Guid(7cbd6cd765888ff418d01d98bd1ce9c2) Importer(815301076,1909f56bfc062723c751e8b465ee728b)
Start importing Assets/AssetStore/Deadly Kombat Free version/blade_hit_07.wav using Guid(7cbd6cd765888ff418d01d98bd1ce9c2) Importer(815301076,1909f56bfc062723c751e8b465ee728b) (PreviewImporter) -> (artifact id: 'b7626b14b33614b8b57633ff5ecaf77b') in 0.0890395 seconds
Number of updated asset objects reloaded before import = 0Number of asset objects unloaded after import = 2

========================================================================
Received Import Request.
  Time since last request: 3.783273 seconds.
  path: Assets/AssetStore/Deadly Kombat Free version/blade_hit_08.wav
  artifactKey: Guid(3df9bbbc130ccb344af5f3fc793a630f) Importer(815301076,1909f56bfc062723c751e8b465ee728b)
Start importing Assets/AssetStore/Deadly Kombat Free version/blade_hit_08.wav using Guid(3df9bbbc130ccb344af5f3fc793a630f) Importer(815301076,1909f56bfc062723c751e8b465ee728b) (PreviewImporter) -> (artifact id: 'beaf0d1f37fcc9c39905fb17f646be10') in 0.0166012 seconds
Number of updated asset objects reloaded before import = 0Number of asset objects unloaded after import = 2

========================================================================
Received Import Request.
  Time since last request: 2.568472 seconds.
  path: Assets/AssetStore/Deadly Kombat Free version/block_large_59.wav
  artifactKey: Guid(74198389e177d0948b63ca9a3fb22801) Importer(815301076,1909f56bfc062723c751e8b465ee728b)
Start importing Assets/AssetStore/Deadly Kombat Free version/block_large_59.wav using Guid(74198389e177d0948b63ca9a3fb22801) Importer(815301076,1909f56bfc062723c751e8b465ee728b) (PreviewImporter) -> (artifact id: '30d2bd45a485c8dad3072535f5348745') in 0.0152788 seconds
Number of updated asset objects reloaded before import = 0Number of asset objects unloaded after import = 2

========================================================================
Received Import Request.
  Time since last request: 8.730524 seconds.
  path: Assets/AssetStore/Deadly Kombat Free version/guts_and_gore_19.wav
  artifactKey: Guid(f38d03f62dd3b6a43b0424bed34016bc) Importer(815301076,1909f56bfc062723c751e8b465ee728b)
Start importing Assets/AssetStore/Deadly Kombat Free version/guts_and_gore_19.wav using Guid(f38d03f62dd3b6a43b0424bed34016bc) Importer(815301076,1909f56bfc062723c751e8b465ee728b) (PreviewImporter) -> (artifact id: '480560a0383bea953d42108647478ecd') in 0.0313605 seconds
Number of updated asset objects reloaded before import = 0Number of asset objects unloaded after import = 2

========================================================================
Received Import Request.
  Time since last request: 5.121734 seconds.
  path: Assets/AssetStore/Deadly Kombat Free version/wood_bat_finisher_01.wav
  artifactKey: Guid(605611dd6463bbc4090ab6408907d9e8) Importer(815301076,1909f56bfc062723c751e8b465ee728b)
Start importing Assets/AssetStore/Deadly Kombat Free version/wood_bat_finisher_01.wav using Guid(605611dd6463bbc4090ab6408907d9e8) Importer(815301076,1909f56bfc062723c751e8b465ee728b) (PreviewImporter) -> (artifact id: '79333487fb3b082d309f0fb2febb3db7') in 0.0181486 seconds
Number of updated asset objects reloaded before import = 0Number of asset objects unloaded after import = 2

========================================================================
Received Import Request.
  Time since last request: 2.604671 seconds.
  path: Assets/AssetStore/Deadly Kombat Free version/wood_bat_finisher_05.wav
  artifactKey: Guid(d7ea6b2cca581414e87717a0d085aa62) Importer(815301076,1909f56bfc062723c751e8b465ee728b)
Start importing Assets/AssetStore/Deadly Kombat Free version/wood_bat_finisher_05.wav using Guid(d7ea6b2cca581414e87717a0d085aa62) Importer(815301076,1909f56bfc062723c751e8b465ee728b) (PreviewImporter) -> (artifact id: '2b083e52d34f661f6b03ee6414941c84') in 0.016181 seconds
Number of updated asset objects reloaded before import = 0Number of asset objects unloaded after import = 2

========================================================================
Received Import Request.
  Time since last request: 3.445590 seconds.
  path: Assets/AssetStore/Deadly Kombat Free version/somersalt_10.wav
  artifactKey: Guid(51e0a672984795b4087c49f005adf8f8) Importer(815301076,1909f56bfc062723c751e8b465ee728b)
Start importing Assets/AssetStore/Deadly Kombat Free version/somersalt_10.wav using Guid(51e0a672984795b4087c49f005adf8f8) Importer(815301076,1909f56bfc062723c751e8b465ee728b) (PreviewImporter) -> (artifact id: 'a1939fa457b164457487dd1938d140b3') in 0.0176241 seconds
Number of updated asset objects reloaded before import = 0Number of asset objects unloaded after import = 2

========================================================================
Received Import Request.
  Time since last request: 2.779861 seconds.
  path: Assets/AssetStore/Deadly Kombat Free version/punch_long_whoosh_21.wav
  artifactKey: Guid(0e9bca6dd55d7e541a865752da6415f5) Importer(815301076,1909f56bfc062723c751e8b465ee728b)
Start importing Assets/AssetStore/Deadly Kombat Free version/punch_long_whoosh_21.wav using Guid(0e9bca6dd55d7e541a865752da6415f5) Importer(815301076,1909f56bfc062723c751e8b465ee728b) (PreviewImporter) -> (artifact id: '492684d2f139dc7aa030f1293a6c7385') in 0.0180137 seconds
Number of updated asset objects reloaded before import = 0Number of asset objects unloaded after import = 2

========================================================================
Received Prepare
Refreshing native plugins compatible for Editor in 3.56 ms, found 3 plugins.
Preloading 0 native plugins for Editor in 0.00 ms.
Unloading 13 Unused Serialized files (Serialized files now loaded: 0)
Unloading 6467 unused Assets / (4.0 MB). Loaded Objects now: 7253.
Memory consumption went from 235.6 MB to 231.6 MB.
Total: 20.704000 ms (FindLiveObjects: 2.024700 ms CreateObjectMapping: 2.679800 ms MarkObjects: 11.838600 ms  DeleteObjects: 4.159100 ms)

Prepare: number of updated asset objects reloaded= 0
========================================================================
Received Prepare
Begin MonoManager ReloadAssembly
- Loaded All Assemblies, in  0.925 seconds
Refreshing native plugins compatible for Editor in 1.55 ms, found 3 plugins.
Native extension for WindowsStandalone target not found
Mono: successfully reloaded assembly
- Finished resetting the current domain, in  0.975 seconds
Domain Reload Profiling: 1900ms
	BeginReloadAssembly (246ms)
		ExecutionOrderSort (0ms)
		DisableScriptedObjects (10ms)
		BackupInstance (0ms)
		ReleaseScriptingObjects (0ms)
		CreateAndSetChildDomain (68ms)
	RebuildCommonClasses (47ms)
	RebuildNativeTypeToScriptingClass (14ms)
	initialDomainReloadingComplete (37ms)
	LoadAllAssembliesAndSetupDomain (578ms)
		LoadAssemblies (478ms)
		RebuildTransferFunctionScriptingTraits (0ms)
		AnalyzeDomain (212ms)
			TypeCache.Refresh (10ms)
				TypeCache.ScanAssembly (1ms)
			BuildScriptInfoCaches (183ms)
			ResolveRequiredComponents (13ms)
	FinalizeReload (976ms)
		ReleaseScriptCaches (0ms)
		RebuildScriptCaches (0ms)
		SetupLoadedEditorAssemblies (739ms)
			LogAssemblyErrors (0ms)
			InitializePlatformSupportModulesInManaged (2ms)
			SetLoadedEditorAssemblies (7ms)
			BeforeProcessingInitializeOnLoad (151ms)
			ProcessInitializeOnLoadAttributes (413ms)
			ProcessInitializeOnLoadMethodAttributes (157ms)
			AfterProcessingInitializeOnLoad (8ms)
			EditorAssembliesLoaded (1ms)
		ExecutionOrderSort2 (0ms)
		AwakeInstancesAfterBackupRestoration (17ms)
Refreshing native plugins compatible for Editor in 1.32 ms, found 3 plugins.
Preloading 0 native plugins for Editor in 0.00 ms.
Unloading 13 Unused Serialized files (Serialized files now loaded: 0)
Unloading 6475 unused Assets / (4.2 MB). Loaded Objects now: 7254.
Memory consumption went from 235.2 MB to 231.0 MB.
Total: 9.237700 ms (FindLiveObjects: 0.929600 ms CreateObjectMapping: 0.622100 ms MarkObjects: 4.860000 ms  DeleteObjects: 2.824600 ms)

Prepare: number of updated asset objects reloaded= 0
========================================================================
Received Import Request.
  Time since last request: 85.224756 seconds.
  path: Assets/Art/Audio/Sound FX/Weapons
  artifactKey: Guid(3f7d13ceec5482140a4380f61f27373f) Importer(815301076,1909f56bfc062723c751e8b465ee728b)
Start importing Assets/Art/Audio/Sound FX/Weapons using Guid(3f7d13ceec5482140a4380f61f27373f) Importer(815301076,1909f56bfc062723c751e8b465ee728b) (PreviewImporter) -> (artifact id: 'dea8edd25752e1bb9679d19754b995db') in 0.0120239 seconds
Number of updated asset objects reloaded before import = 0Number of asset objects unloaded after import = 0

========================================================================
Received Prepare
Begin MonoManager ReloadAssembly
- Loaded All Assemblies, in  0.741 seconds
Refreshing native plugins compatible for Editor in 1.39 ms, found 3 plugins.
Native extension for WindowsStandalone target not found
Mono: successfully reloaded assembly
- Finished resetting the current domain, in  0.807 seconds
Domain Reload Profiling: 1547ms
	BeginReloadAssembly (219ms)
		ExecutionOrderSort (0ms)
		DisableScriptedObjects (7ms)
		BackupInstance (0ms)
		ReleaseScriptingObjects (0ms)
		CreateAndSetChildDomain (66ms)
	RebuildCommonClasses (33ms)
	RebuildNativeTypeToScriptingClass (10ms)
	initialDomainReloadingComplete (30ms)
	LoadAllAssembliesAndSetupDomain (448ms)
		LoadAssemblies (365ms)
		RebuildTransferFunctionScriptingTraits (0ms)
		AnalyzeDomain (181ms)
			TypeCache.Refresh (7ms)
				TypeCache.ScanAssembly (0ms)
			BuildScriptInfoCaches (159ms)
			ResolveRequiredComponents (10ms)
	FinalizeReload (808ms)
		ReleaseScriptCaches (0ms)
		RebuildScriptCaches (0ms)
		SetupLoadedEditorAssemblies (605ms)
			LogAssemblyErrors (0ms)
			InitializePlatformSupportModulesInManaged (2ms)
			SetLoadedEditorAssemblies (4ms)
			BeforeProcessingInitializeOnLoad (129ms)
			ProcessInitializeOnLoadAttributes (382ms)
			ProcessInitializeOnLoadMethodAttributes (80ms)
			AfterProcessingInitializeOnLoad (6ms)
			EditorAssembliesLoaded (1ms)
		ExecutionOrderSort2 (0ms)
		AwakeInstancesAfterBackupRestoration (15ms)
Refreshing native plugins compatible for Editor in 1.45 ms, found 3 plugins.
Preloading 0 native plugins for Editor in 0.00 ms.
Unloading 13 Unused Serialized files (Serialized files now loaded: 0)
Unloading 6475 unused Assets / (4.5 MB). Loaded Objects now: 7256.
Memory consumption went from 235.1 MB to 230.6 MB.
Total: 10.528100 ms (FindLiveObjects: 0.901800 ms CreateObjectMapping: 0.949800 ms MarkObjects: 5.604600 ms  DeleteObjects: 3.071100 ms)

Prepare: number of updated asset objects reloaded= 0
